<?xml version="1.0" encoding="UTF-8"?>
<!-- Generated by org.testng.reporters.JUnitXMLReporter -->
<testsuite ignored="0" hostname="DESKTOP-33C2FHH" failures="1" tests="1" name="Test" time="11.959" errors="0" timestamp="2025-05-31T15:48:35 IST">
  <testcase classname="Tests.PlaceOrderTest" name="testPlaceOrder" time="0.021">
    <failure type="java.lang.Error" message="Unresolved compilation problem: 
	The constructor LoginPage(WebDriver) is undefined
">
      <![CDATA[java.lang.Error: Unresolved compilation problem: 
The constructor LoginPage(WebDriver) is undefined

at Tests.PlaceOrderTest.testPlaceOrder(PlaceOrderTest.java:42)
at java.base/java.util.ArrayList.forEach(ArrayList.java:1596)
... Removed 25 stack frames]]>
    </failure>
  </testcase> <!-- testPlaceOrder -->
</testsuite> <!-- Test -->
