<?xml version="1.0" encoding="UTF-8"?>
<testng-results ignored="0" total="1" passed="1" failed="0" skipped="0">
  <reporter-output>
  </reporter-output>
  <suite started-at="2025-05-31T16:02:51 IST" name="Default suite" finished-at="2025-05-31T16:03:05 IST" duration-ms="14048">
    <groups>
    </groups>
    <test started-at="2025-05-31T16:02:51 IST" name="Default test" finished-at="2025-05-31T16:03:05 IST" duration-ms="14048">
      <class name="Tests.PlaceOrderTest">
        <test-method is-config="true" signature="beforeClass()[pri:0, instance:Tests.PlaceOrderTest@fa4c865]" started-at="2025-05-31T16:02:51 IST" name="beforeClass" finished-at="2025-05-31T16:02:51 IST" duration-ms="19" status="PASS">
          <reporter-output>
          </reporter-output>
        </test-method> <!-- beforeClass -->
        <test-method is-config="true" signature="setUpReports()[pri:0, instance:Tests.PlaceOrderTest@fa4c865]" started-at="2025-05-31T16:02:51 IST" name="setUpReports" finished-at="2025-05-31T16:02:51 IST" duration-ms="427" status="PASS">
          <reporter-output>
          </reporter-output>
        </test-method> <!-- setUpReports -->
        <test-method is-config="true" signature="beforeMethod()[pri:0, instance:Tests.PlaceOrderTest@fa4c865]" started-at="2025-05-31T16:02:51 IST" name="beforeMethod" finished-at="2025-05-31T16:02:54 IST" duration-ms="2916" status="PASS">
          <reporter-output>
          </reporter-output>
        </test-method> <!-- beforeMethod -->
        <test-method signature="testPlaceOrder()[pri:0, instance:Tests.PlaceOrderTest@fa4c865]" started-at="2025-05-31T16:02:54 IST" name="testPlaceOrder" finished-at="2025-05-31T16:02:57 IST" duration-ms="2637" status="PASS">
          <reporter-output>
          </reporter-output>
        </test-method> <!-- testPlaceOrder -->
        <test-method is-config="true" signature="afterMethod()[pri:0, instance:Tests.PlaceOrderTest@fa4c865]" started-at="2025-05-31T16:02:57 IST" name="afterMethod" finished-at="2025-05-31T16:03:04 IST" duration-ms="7361" status="PASS">
          <reporter-output>
          </reporter-output>
        </test-method> <!-- afterMethod -->
        <test-method is-config="true" signature="afterClass()[pri:0, instance:Tests.PlaceOrderTest@fa4c865]" started-at="2025-05-31T16:03:04 IST" name="afterClass" finished-at="2025-05-31T16:03:04 IST" duration-ms="0" status="PASS">
          <reporter-output>
          </reporter-output>
        </test-method> <!-- afterClass -->
        <test-method is-config="true" signature="writeReports()[pri:0, instance:Tests.PlaceOrderTest@fa4c865]" started-at="2025-05-31T16:03:04 IST" name="writeReports" finished-at="2025-05-31T16:03:05 IST" duration-ms="606" status="PASS">
          <reporter-output>
          </reporter-output>
        </test-method> <!-- writeReports -->
      </class> <!-- Tests.PlaceOrderTest -->
    </test> <!-- Default test -->
  </suite> <!-- Default suite -->
</testng-results>
